CRITICAL - 2021-10-25 20:44:02 --> Class 'App\Models\AuthModel' not found
#0 /Applications/MAMP/htdocs/absensi/vendor/codeigniter4/framework/system/CodeIgniter.php(802): App\Controllers\Auth->login()
#1 /Applications/MAMP/htdocs/absensi/vendor/codeigniter4/framework/system/CodeIgniter.php(399): CodeIgniter\CodeIgniter->runController(Object(App\Controllers\Auth))
#2 /Applications/MAMP/htdocs/absensi/vendor/codeigniter4/framework/system/CodeIgniter.php(317): CodeIgniter\CodeIgniter->handleRequest(NULL, Object(Config\Cache), false)
#3 /Applications/MAMP/htdocs/absensi/public/index.php(37): CodeIgniter\CodeIgniter->run()
#4 {main}
CRITICAL - 2021-10-25 22:29:16 --> Cannot declare class App\Controllers\ajax\Login, because the name is already in use
#0 [internal function]: CodeIgniter\Debug\Exceptions->shutdownHandler()
#1 {main}
CRITICAL - 2021-10-25 22:43:41 --> Cannot declare class App\Controllers\ajax\Login, because the name is already in use
#0 [internal function]: CodeIgniter\Debug\Exceptions->shutdownHandler()
#1 {main}
CRITICAL - 2021-10-25 22:46:45 --> Cannot declare class App\Controllers\ajax\Login, because the name is already in use
#0 [internal function]: CodeIgniter\Debug\Exceptions->shutdownHandler()
#1 {main}
CRITICAL - 2021-10-25 22:47:09 --> Cannot declare class App\Controllers\ajax\Login, because the name is already in use
#0 [internal function]: CodeIgniter\Debug\Exceptions->shutdownHandler()
#1 {main}
CRITICAL - 2021-10-25 22:47:10 --> Cannot declare class App\Controllers\ajax\Login, because the name is already in use
#0 [internal function]: CodeIgniter\Debug\Exceptions->shutdownHandler()
#1 {main}
CRITICAL - 2021-10-25 22:47:10 --> Cannot declare class App\Controllers\ajax\Login, because the name is already in use
#0 [internal function]: CodeIgniter\Debug\Exceptions->shutdownHandler()
#1 {main}
CRITICAL - 2021-10-25 22:47:10 --> Cannot declare class App\Controllers\ajax\Login, because the name is already in use
#0 [internal function]: CodeIgniter\Debug\Exceptions->shutdownHandler()
#1 {main}
CRITICAL - 2021-10-25 22:47:59 --> Cannot declare class App\Controllers\ajax\Ajax, because the name is already in use
#0 [internal function]: CodeIgniter\Debug\Exceptions->shutdownHandler()
#1 {main}
CRITICAL - 2021-10-25 22:48:03 --> Cannot declare class App\Controllers\ajax\Ajax, because the name is already in use
#0 [internal function]: CodeIgniter\Debug\Exceptions->shutdownHandler()
#1 {main}
CRITICAL - 2021-10-25 22:49:39 --> Cannot declare class App\Controllers\ajax\Ajax, because the name is already in use
#0 [internal function]: CodeIgniter\Debug\Exceptions->shutdownHandler()
#1 {main}
CRITICAL - 2021-10-25 22:51:43 --> Cannot declare class App\Controllers\ajax\Ajax, because the name is already in use
#0 [internal function]: CodeIgniter\Debug\Exceptions->shutdownHandler()
#1 {main}
CRITICAL - 2021-10-25 22:51:44 --> Cannot declare class App\Controllers\ajax\Ajax, because the name is already in use
#0 [internal function]: CodeIgniter\Debug\Exceptions->shutdownHandler()
#1 {main}
CRITICAL - 2021-10-25 22:52:42 --> Cannot declare class App\Controllers\ajax\Ajax, because the name is already in use
#0 [internal function]: CodeIgniter\Debug\Exceptions->shutdownHandler()
#1 {main}
