CRITICAL - 2021-11-03 04:49:24 --> Invalid file: v_wrapper.php
#0 /Applications/MAMP/htdocs/baru/vendor/codeigniter4/framework/system/View/View.php(198): CodeIgniter\Exceptions\FrameworkException::forInvalidFile('v_wrapper.php')
#1 /Applications/MAMP/htdocs/baru/vendor/codeigniter4/framework/system/Common.php(1092): CodeIgniter\View\View->render('v_wrapper', Array, true)
#2 /Applications/MAMP/htdocs/baru/app/Controllers/Home.php(9): view('v_wrapper')
#3 /Applications/MAMP/htdocs/baru/vendor/codeigniter4/framework/system/CodeIgniter.php(802): App\Controllers\Home->index()
#4 /Applications/MAMP/htdocs/baru/vendor/codeigniter4/framework/system/CodeIgniter.php(399): CodeIgniter\CodeIgniter->runController(Object(App\Controllers\Home))
#5 /Applications/MAMP/htdocs/baru/vendor/codeigniter4/framework/system/CodeIgniter.php(317): CodeIgniter\CodeIgniter->handleRequest(NULL, Object(Config\Cache), false)
#6 /Applications/MAMP/htdocs/baru/public/index.php(37): CodeIgniter\CodeIgniter->run()
#7 /Applications/MAMP/htdocs/baru/vendor/codeigniter4/framework/system/Commands/Server/rewrite.php(43): require_once('/Applications/M...')
#8 {main}
CRITICAL - 2021-11-03 04:49:26 --> Invalid file: v_wrapper.php
#0 /Applications/MAMP/htdocs/baru/vendor/codeigniter4/framework/system/View/View.php(198): CodeIgniter\Exceptions\FrameworkException::forInvalidFile('v_wrapper.php')
#1 /Applications/MAMP/htdocs/baru/vendor/codeigniter4/framework/system/Common.php(1092): CodeIgniter\View\View->render('v_wrapper', Array, true)
#2 /Applications/MAMP/htdocs/baru/app/Controllers/Home.php(9): view('v_wrapper')
#3 /Applications/MAMP/htdocs/baru/vendor/codeigniter4/framework/system/CodeIgniter.php(802): App\Controllers\Home->index()
#4 /Applications/MAMP/htdocs/baru/vendor/codeigniter4/framework/system/CodeIgniter.php(399): CodeIgniter\CodeIgniter->runController(Object(App\Controllers\Home))
#5 /Applications/MAMP/htdocs/baru/vendor/codeigniter4/framework/system/CodeIgniter.php(317): CodeIgniter\CodeIgniter->handleRequest(NULL, Object(Config\Cache), false)
#6 /Applications/MAMP/htdocs/baru/public/index.php(37): CodeIgniter\CodeIgniter->run()
#7 /Applications/MAMP/htdocs/baru/vendor/codeigniter4/framework/system/Commands/Server/rewrite.php(43): require_once('/Applications/M...')
#8 {main}
CRITICAL - 2021-11-03 04:49:27 --> Invalid file: v_wrapper.php
#0 /Applications/MAMP/htdocs/baru/vendor/codeigniter4/framework/system/View/View.php(198): CodeIgniter\Exceptions\FrameworkException::forInvalidFile('v_wrapper.php')
#1 /Applications/MAMP/htdocs/baru/vendor/codeigniter4/framework/system/Common.php(1092): CodeIgniter\View\View->render('v_wrapper', Array, true)
#2 /Applications/MAMP/htdocs/baru/app/Controllers/Home.php(9): view('v_wrapper')
#3 /Applications/MAMP/htdocs/baru/vendor/codeigniter4/framework/system/CodeIgniter.php(802): App\Controllers\Home->index()
#4 /Applications/MAMP/htdocs/baru/vendor/codeigniter4/framework/system/CodeIgniter.php(399): CodeIgniter\CodeIgniter->runController(Object(App\Controllers\Home))
#5 /Applications/MAMP/htdocs/baru/vendor/codeigniter4/framework/system/CodeIgniter.php(317): CodeIgniter\CodeIgniter->handleRequest(NULL, Object(Config\Cache), false)
#6 /Applications/MAMP/htdocs/baru/public/index.php(37): CodeIgniter\CodeIgniter->run()
#7 /Applications/MAMP/htdocs/baru/vendor/codeigniter4/framework/system/Commands/Server/rewrite.php(43): require_once('/Applications/M...')
#8 {main}
CRITICAL - 2021-11-03 04:49:27 --> Invalid file: v_wrapper.php
#0 /Applications/MAMP/htdocs/baru/vendor/codeigniter4/framework/system/View/View.php(198): CodeIgniter\Exceptions\FrameworkException::forInvalidFile('v_wrapper.php')
#1 /Applications/MAMP/htdocs/baru/vendor/codeigniter4/framework/system/Common.php(1092): CodeIgniter\View\View->render('v_wrapper', Array, true)
#2 /Applications/MAMP/htdocs/baru/app/Controllers/Home.php(9): view('v_wrapper')
#3 /Applications/MAMP/htdocs/baru/vendor/codeigniter4/framework/system/CodeIgniter.php(802): App\Controllers\Home->index()
#4 /Applications/MAMP/htdocs/baru/vendor/codeigniter4/framework/system/CodeIgniter.php(399): CodeIgniter\CodeIgniter->runController(Object(App\Controllers\Home))
#5 /Applications/MAMP/htdocs/baru/vendor/codeigniter4/framework/system/CodeIgniter.php(317): CodeIgniter\CodeIgniter->handleRequest(NULL, Object(Config\Cache), false)
#6 /Applications/MAMP/htdocs/baru/public/index.php(37): CodeIgniter\CodeIgniter->run()
#7 /Applications/MAMP/htdocs/baru/vendor/codeigniter4/framework/system/Commands/Server/rewrite.php(43): require_once('/Applications/M...')
#8 {main}
CRITICAL - 2021-11-03 04:49:27 --> Invalid file: v_wrapper.php
#0 /Applications/MAMP/htdocs/baru/vendor/codeigniter4/framework/system/View/View.php(198): CodeIgniter\Exceptions\FrameworkException::forInvalidFile('v_wrapper.php')
#1 /Applications/MAMP/htdocs/baru/vendor/codeigniter4/framework/system/Common.php(1092): CodeIgniter\View\View->render('v_wrapper', Array, true)
#2 /Applications/MAMP/htdocs/baru/app/Controllers/Home.php(9): view('v_wrapper')
#3 /Applications/MAMP/htdocs/baru/vendor/codeigniter4/framework/system/CodeIgniter.php(802): App\Controllers\Home->index()
#4 /Applications/MAMP/htdocs/baru/vendor/codeigniter4/framework/system/CodeIgniter.php(399): CodeIgniter\CodeIgniter->runController(Object(App\Controllers\Home))
#5 /Applications/MAMP/htdocs/baru/vendor/codeigniter4/framework/system/CodeIgniter.php(317): CodeIgniter\CodeIgniter->handleRequest(NULL, Object(Config\Cache), false)
#6 /Applications/MAMP/htdocs/baru/public/index.php(37): CodeIgniter\CodeIgniter->run()
#7 /Applications/MAMP/htdocs/baru/vendor/codeigniter4/framework/system/Commands/Server/rewrite.php(43): require_once('/Applications/M...')
#8 {main}
CRITICAL - 2021-11-03 04:49:27 --> Invalid file: v_wrapper.php
#0 /Applications/MAMP/htdocs/baru/vendor/codeigniter4/framework/system/View/View.php(198): CodeIgniter\Exceptions\FrameworkException::forInvalidFile('v_wrapper.php')
#1 /Applications/MAMP/htdocs/baru/vendor/codeigniter4/framework/system/Common.php(1092): CodeIgniter\View\View->render('v_wrapper', Array, true)
#2 /Applications/MAMP/htdocs/baru/app/Controllers/Home.php(9): view('v_wrapper')
#3 /Applications/MAMP/htdocs/baru/vendor/codeigniter4/framework/system/CodeIgniter.php(802): App\Controllers\Home->index()
#4 /Applications/MAMP/htdocs/baru/vendor/codeigniter4/framework/system/CodeIgniter.php(399): CodeIgniter\CodeIgniter->runController(Object(App\Controllers\Home))
#5 /Applications/MAMP/htdocs/baru/vendor/codeigniter4/framework/system/CodeIgniter.php(317): CodeIgniter\CodeIgniter->handleRequest(NULL, Object(Config\Cache), false)
#6 /Applications/MAMP/htdocs/baru/public/index.php(37): CodeIgniter\CodeIgniter->run()
#7 /Applications/MAMP/htdocs/baru/vendor/codeigniter4/framework/system/Commands/Server/rewrite.php(43): require_once('/Applications/M...')
#8 {main}
CRITICAL - 2021-11-03 04:49:28 --> Invalid file: v_wrapper.php
#0 /Applications/MAMP/htdocs/baru/vendor/codeigniter4/framework/system/View/View.php(198): CodeIgniter\Exceptions\FrameworkException::forInvalidFile('v_wrapper.php')
#1 /Applications/MAMP/htdocs/baru/vendor/codeigniter4/framework/system/Common.php(1092): CodeIgniter\View\View->render('v_wrapper', Array, true)
#2 /Applications/MAMP/htdocs/baru/app/Controllers/Home.php(9): view('v_wrapper')
#3 /Applications/MAMP/htdocs/baru/vendor/codeigniter4/framework/system/CodeIgniter.php(802): App\Controllers\Home->index()
#4 /Applications/MAMP/htdocs/baru/vendor/codeigniter4/framework/system/CodeIgniter.php(399): CodeIgniter\CodeIgniter->runController(Object(App\Controllers\Home))
#5 /Applications/MAMP/htdocs/baru/vendor/codeigniter4/framework/system/CodeIgniter.php(317): CodeIgniter\CodeIgniter->handleRequest(NULL, Object(Config\Cache), false)
#6 /Applications/MAMP/htdocs/baru/public/index.php(37): CodeIgniter\CodeIgniter->run()
#7 /Applications/MAMP/htdocs/baru/vendor/codeigniter4/framework/system/Commands/Server/rewrite.php(43): require_once('/Applications/M...')
#8 {main}
CRITICAL - 2021-11-03 04:49:28 --> Invalid file: v_wrapper.php
#0 /Applications/MAMP/htdocs/baru/vendor/codeigniter4/framework/system/View/View.php(198): CodeIgniter\Exceptions\FrameworkException::forInvalidFile('v_wrapper.php')
#1 /Applications/MAMP/htdocs/baru/vendor/codeigniter4/framework/system/Common.php(1092): CodeIgniter\View\View->render('v_wrapper', Array, true)
#2 /Applications/MAMP/htdocs/baru/app/Controllers/Home.php(9): view('v_wrapper')
#3 /Applications/MAMP/htdocs/baru/vendor/codeigniter4/framework/system/CodeIgniter.php(802): App\Controllers\Home->index()
#4 /Applications/MAMP/htdocs/baru/vendor/codeigniter4/framework/system/CodeIgniter.php(399): CodeIgniter\CodeIgniter->runController(Object(App\Controllers\Home))
#5 /Applications/MAMP/htdocs/baru/vendor/codeigniter4/framework/system/CodeIgniter.php(317): CodeIgniter\CodeIgniter->handleRequest(NULL, Object(Config\Cache), false)
#6 /Applications/MAMP/htdocs/baru/public/index.php(37): CodeIgniter\CodeIgniter->run()
#7 /Applications/MAMP/htdocs/baru/vendor/codeigniter4/framework/system/Commands/Server/rewrite.php(43): require_once('/Applications/M...')
#8 {main}
CRITICAL - 2021-11-03 04:49:28 --> Invalid file: v_wrapper.php
#0 /Applications/MAMP/htdocs/baru/vendor/codeigniter4/framework/system/View/View.php(198): CodeIgniter\Exceptions\FrameworkException::forInvalidFile('v_wrapper.php')
#1 /Applications/MAMP/htdocs/baru/vendor/codeigniter4/framework/system/Common.php(1092): CodeIgniter\View\View->render('v_wrapper', Array, true)
#2 /Applications/MAMP/htdocs/baru/app/Controllers/Home.php(9): view('v_wrapper')
#3 /Applications/MAMP/htdocs/baru/vendor/codeigniter4/framework/system/CodeIgniter.php(802): App\Controllers\Home->index()
#4 /Applications/MAMP/htdocs/baru/vendor/codeigniter4/framework/system/CodeIgniter.php(399): CodeIgniter\CodeIgniter->runController(Object(App\Controllers\Home))
#5 /Applications/MAMP/htdocs/baru/vendor/codeigniter4/framework/system/CodeIgniter.php(317): CodeIgniter\CodeIgniter->handleRequest(NULL, Object(Config\Cache), false)
#6 /Applications/MAMP/htdocs/baru/public/index.php(37): CodeIgniter\CodeIgniter->run()
#7 /Applications/MAMP/htdocs/baru/vendor/codeigniter4/framework/system/Commands/Server/rewrite.php(43): require_once('/Applications/M...')
#8 {main}
CRITICAL - 2021-11-03 04:49:28 --> Invalid file: v_wrapper.php
#0 /Applications/MAMP/htdocs/baru/vendor/codeigniter4/framework/system/View/View.php(198): CodeIgniter\Exceptions\FrameworkException::forInvalidFile('v_wrapper.php')
#1 /Applications/MAMP/htdocs/baru/vendor/codeigniter4/framework/system/Common.php(1092): CodeIgniter\View\View->render('v_wrapper', Array, true)
#2 /Applications/MAMP/htdocs/baru/app/Controllers/Home.php(9): view('v_wrapper')
#3 /Applications/MAMP/htdocs/baru/vendor/codeigniter4/framework/system/CodeIgniter.php(802): App\Controllers\Home->index()
#4 /Applications/MAMP/htdocs/baru/vendor/codeigniter4/framework/system/CodeIgniter.php(399): CodeIgniter\CodeIgniter->runController(Object(App\Controllers\Home))
#5 /Applications/MAMP/htdocs/baru/vendor/codeigniter4/framework/system/CodeIgniter.php(317): CodeIgniter\CodeIgniter->handleRequest(NULL, Object(Config\Cache), false)
#6 /Applications/MAMP/htdocs/baru/public/index.php(37): CodeIgniter\CodeIgniter->run()
#7 /Applications/MAMP/htdocs/baru/vendor/codeigniter4/framework/system/Commands/Server/rewrite.php(43): require_once('/Applications/M...')
#8 {main}
CRITICAL - 2021-11-03 04:49:28 --> Invalid file: v_wrapper.php
#0 /Applications/MAMP/htdocs/baru/vendor/codeigniter4/framework/system/View/View.php(198): CodeIgniter\Exceptions\FrameworkException::forInvalidFile('v_wrapper.php')
#1 /Applications/MAMP/htdocs/baru/vendor/codeigniter4/framework/system/Common.php(1092): CodeIgniter\View\View->render('v_wrapper', Array, true)
#2 /Applications/MAMP/htdocs/baru/app/Controllers/Home.php(9): view('v_wrapper')
#3 /Applications/MAMP/htdocs/baru/vendor/codeigniter4/framework/system/CodeIgniter.php(802): App\Controllers\Home->index()
#4 /Applications/MAMP/htdocs/baru/vendor/codeigniter4/framework/system/CodeIgniter.php(399): CodeIgniter\CodeIgniter->runController(Object(App\Controllers\Home))
#5 /Applications/MAMP/htdocs/baru/vendor/codeigniter4/framework/system/CodeIgniter.php(317): CodeIgniter\CodeIgniter->handleRequest(NULL, Object(Config\Cache), false)
#6 /Applications/MAMP/htdocs/baru/public/index.php(37): CodeIgniter\CodeIgniter->run()
#7 /Applications/MAMP/htdocs/baru/vendor/codeigniter4/framework/system/Commands/Server/rewrite.php(43): require_once('/Applications/M...')
#8 {main}
CRITICAL - 2021-11-03 04:49:28 --> Invalid file: v_wrapper.php
#0 /Applications/MAMP/htdocs/baru/vendor/codeigniter4/framework/system/View/View.php(198): CodeIgniter\Exceptions\FrameworkException::forInvalidFile('v_wrapper.php')
#1 /Applications/MAMP/htdocs/baru/vendor/codeigniter4/framework/system/Common.php(1092): CodeIgniter\View\View->render('v_wrapper', Array, true)
#2 /Applications/MAMP/htdocs/baru/app/Controllers/Home.php(9): view('v_wrapper')
#3 /Applications/MAMP/htdocs/baru/vendor/codeigniter4/framework/system/CodeIgniter.php(802): App\Controllers\Home->index()
#4 /Applications/MAMP/htdocs/baru/vendor/codeigniter4/framework/system/CodeIgniter.php(399): CodeIgniter\CodeIgniter->runController(Object(App\Controllers\Home))
#5 /Applications/MAMP/htdocs/baru/vendor/codeigniter4/framework/system/CodeIgniter.php(317): CodeIgniter\CodeIgniter->handleRequest(NULL, Object(Config\Cache), false)
#6 /Applications/MAMP/htdocs/baru/public/index.php(37): CodeIgniter\CodeIgniter->run()
#7 /Applications/MAMP/htdocs/baru/vendor/codeigniter4/framework/system/Commands/Server/rewrite.php(43): require_once('/Applications/M...')
#8 {main}
CRITICAL - 2021-11-03 04:50:07 --> Invalid file: v_wrapper.php
#0 /Applications/MAMP/htdocs/baru/vendor/codeigniter4/framework/system/View/View.php(198): CodeIgniter\Exceptions\FrameworkException::forInvalidFile('v_wrapper.php')
#1 /Applications/MAMP/htdocs/baru/vendor/codeigniter4/framework/system/Common.php(1092): CodeIgniter\View\View->render('v_wrapper', Array, true)
#2 /Applications/MAMP/htdocs/baru/app/Controllers/Home.php(9): view('v_wrapper')
#3 /Applications/MAMP/htdocs/baru/vendor/codeigniter4/framework/system/CodeIgniter.php(802): App\Controllers\Home->index()
#4 /Applications/MAMP/htdocs/baru/vendor/codeigniter4/framework/system/CodeIgniter.php(399): CodeIgniter\CodeIgniter->runController(Object(App\Controllers\Home))
#5 /Applications/MAMP/htdocs/baru/vendor/codeigniter4/framework/system/CodeIgniter.php(317): CodeIgniter\CodeIgniter->handleRequest(NULL, Object(Config\Cache), false)
#6 /Applications/MAMP/htdocs/baru/public/index.php(37): CodeIgniter\CodeIgniter->run()
#7 /Applications/MAMP/htdocs/baru/vendor/codeigniter4/framework/system/Commands/Server/rewrite.php(43): require_once('/Applications/M...')
#8 {main}
CRITICAL - 2021-11-03 12:20:57 --> Invalid file: layout/v_head.php
#0 /Applications/MAMP/htdocs/baru/vendor/codeigniter4/framework/system/View/View.php(198): CodeIgniter\Exceptions\FrameworkException::forInvalidFile('layout/v_head.p...')
#1 /Applications/MAMP/htdocs/baru/vendor/codeigniter4/framework/system/Common.php(1092): CodeIgniter\View\View->render('layout/v_head', Array, true)
#2 /Applications/MAMP/htdocs/baru/app/Views/layout/v_wrapper.php(3): view('layout/v_head')
#3 /Applications/MAMP/htdocs/baru/vendor/codeigniter4/framework/system/View/View.php(214): include('/Applications/M...')
#4 /Applications/MAMP/htdocs/baru/vendor/codeigniter4/framework/system/View/View.php(217): CodeIgniter\View\View->CodeIgniter\View\{closure}()
#5 /Applications/MAMP/htdocs/baru/vendor/codeigniter4/framework/system/Common.php(1092): CodeIgniter\View\View->render('layout/v_wrappe...', Array, true)
#6 /Applications/MAMP/htdocs/baru/app/Controllers/Home.php(9): view('layout/v_wrappe...')
#7 /Applications/MAMP/htdocs/baru/vendor/codeigniter4/framework/system/CodeIgniter.php(802): App\Controllers\Home->index()
#8 /Applications/MAMP/htdocs/baru/vendor/codeigniter4/framework/system/CodeIgniter.php(399): CodeIgniter\CodeIgniter->runController(Object(App\Controllers\Home))
#9 /Applications/MAMP/htdocs/baru/vendor/codeigniter4/framework/system/CodeIgniter.php(317): CodeIgniter\CodeIgniter->handleRequest(NULL, Object(Config\Cache), false)
#10 /Applications/MAMP/htdocs/baru/public/index.php(37): CodeIgniter\CodeIgniter->run()
#11 {main}
CRITICAL - 2021-11-03 12:21:01 --> Invalid file: layout/v_head.php
#0 /Applications/MAMP/htdocs/baru/vendor/codeigniter4/framework/system/View/View.php(198): CodeIgniter\Exceptions\FrameworkException::forInvalidFile('layout/v_head.p...')
#1 /Applications/MAMP/htdocs/baru/vendor/codeigniter4/framework/system/Common.php(1092): CodeIgniter\View\View->render('layout/v_head', Array, true)
#2 /Applications/MAMP/htdocs/baru/app/Views/layout/v_wrapper.php(3): view('layout/v_head')
#3 /Applications/MAMP/htdocs/baru/vendor/codeigniter4/framework/system/View/View.php(214): include('/Applications/M...')
#4 /Applications/MAMP/htdocs/baru/vendor/codeigniter4/framework/system/View/View.php(217): CodeIgniter\View\View->CodeIgniter\View\{closure}()
#5 /Applications/MAMP/htdocs/baru/vendor/codeigniter4/framework/system/Common.php(1092): CodeIgniter\View\View->render('layout/v_wrappe...', Array, true)
#6 /Applications/MAMP/htdocs/baru/app/Controllers/Home.php(9): view('layout/v_wrappe...')
#7 /Applications/MAMP/htdocs/baru/vendor/codeigniter4/framework/system/CodeIgniter.php(802): App\Controllers\Home->index()
#8 /Applications/MAMP/htdocs/baru/vendor/codeigniter4/framework/system/CodeIgniter.php(399): CodeIgniter\CodeIgniter->runController(Object(App\Controllers\Home))
#9 /Applications/MAMP/htdocs/baru/vendor/codeigniter4/framework/system/CodeIgniter.php(317): CodeIgniter\CodeIgniter->handleRequest(NULL, Object(Config\Cache), false)
#10 /Applications/MAMP/htdocs/baru/public/index.php(37): CodeIgniter\CodeIgniter->run()
#11 {main}
CRITICAL - 2021-11-03 12:21:39 --> Invalid file: layout/v_head.php
#0 /Applications/MAMP/htdocs/baru/vendor/codeigniter4/framework/system/View/View.php(198): CodeIgniter\Exceptions\FrameworkException::forInvalidFile('layout/v_head.p...')
#1 /Applications/MAMP/htdocs/baru/vendor/codeigniter4/framework/system/Common.php(1092): CodeIgniter\View\View->render('layout/v_head', Array, true)
#2 /Applications/MAMP/htdocs/baru/app/Views/layout/v_wrapper.php(3): view('layout/v_head')
#3 /Applications/MAMP/htdocs/baru/vendor/codeigniter4/framework/system/View/View.php(214): include('/Applications/M...')
#4 /Applications/MAMP/htdocs/baru/vendor/codeigniter4/framework/system/View/View.php(217): CodeIgniter\View\View->CodeIgniter\View\{closure}()
#5 /Applications/MAMP/htdocs/baru/vendor/codeigniter4/framework/system/Common.php(1092): CodeIgniter\View\View->render('layout/v_wrappe...', Array, true)
#6 /Applications/MAMP/htdocs/baru/app/Controllers/Home.php(9): view('layout/v_wrappe...')
#7 /Applications/MAMP/htdocs/baru/vendor/codeigniter4/framework/system/CodeIgniter.php(802): App\Controllers\Home->index()
#8 /Applications/MAMP/htdocs/baru/vendor/codeigniter4/framework/system/CodeIgniter.php(399): CodeIgniter\CodeIgniter->runController(Object(App\Controllers\Home))
#9 /Applications/MAMP/htdocs/baru/vendor/codeigniter4/framework/system/CodeIgniter.php(317): CodeIgniter\CodeIgniter->handleRequest(NULL, Object(Config\Cache), false)
#10 /Applications/MAMP/htdocs/baru/public/index.php(37): CodeIgniter\CodeIgniter->run()
#11 {main}
CRITICAL - 2021-11-03 12:21:39 --> Invalid file: layout/v_head.php
#0 /Applications/MAMP/htdocs/baru/vendor/codeigniter4/framework/system/View/View.php(198): CodeIgniter\Exceptions\FrameworkException::forInvalidFile('layout/v_head.p...')
#1 /Applications/MAMP/htdocs/baru/vendor/codeigniter4/framework/system/Common.php(1092): CodeIgniter\View\View->render('layout/v_head', Array, true)
#2 /Applications/MAMP/htdocs/baru/app/Views/layout/v_wrapper.php(3): view('layout/v_head')
#3 /Applications/MAMP/htdocs/baru/vendor/codeigniter4/framework/system/View/View.php(214): include('/Applications/M...')
#4 /Applications/MAMP/htdocs/baru/vendor/codeigniter4/framework/system/View/View.php(217): CodeIgniter\View\View->CodeIgniter\View\{closure}()
#5 /Applications/MAMP/htdocs/baru/vendor/codeigniter4/framework/system/Common.php(1092): CodeIgniter\View\View->render('layout/v_wrappe...', Array, true)
#6 /Applications/MAMP/htdocs/baru/app/Controllers/Home.php(9): view('layout/v_wrappe...')
#7 /Applications/MAMP/htdocs/baru/vendor/codeigniter4/framework/system/CodeIgniter.php(802): App\Controllers\Home->index()
#8 /Applications/MAMP/htdocs/baru/vendor/codeigniter4/framework/system/CodeIgniter.php(399): CodeIgniter\CodeIgniter->runController(Object(App\Controllers\Home))
#9 /Applications/MAMP/htdocs/baru/vendor/codeigniter4/framework/system/CodeIgniter.php(317): CodeIgniter\CodeIgniter->handleRequest(NULL, Object(Config\Cache), false)
#10 /Applications/MAMP/htdocs/baru/public/index.php(37): CodeIgniter\CodeIgniter->run()
#11 {main}
