ERROR - 2021-11-07 21:54:01 --> Error connecting to the database: Access denied for user '****'@'localhost' (using password: YES)
CRITICAL - 2021-11-07 21:54:01 --> Unable to connect to the database.
Main connection [MySQLi]: Access denied for user '****'@'localhost' (using password: YES)
#0 /Applications/MAMP/htdocs/baru/vendor/codeigniter4/framework/system/Database/Database.php(67): CodeIgniter\Database\BaseConnection->initialize()
#1 /Applications/MAMP/htdocs/baru/vendor/codeigniter4/framework/system/Database/Config.php(105): CodeIgniter\Database\Database->loadForge(Object(CodeIgniter\Database\MySQLi\Connection))
#2 /Applications/MAMP/htdocs/baru/app/Config/Routes.php(37): CodeIgniter\Database\Config::forge()
#3 /Applications/MAMP/htdocs/baru/vendor/codeigniter4/framework/system/CodeIgniter.php(758): CodeIgniter\CodeIgniter->Config\{closure}()
#4 /Applications/MAMP/htdocs/baru/vendor/codeigniter4/framework/system/CodeIgniter.php(386): CodeIgniter\CodeIgniter->startController()
#5 /Applications/MAMP/htdocs/baru/vendor/codeigniter4/framework/system/CodeIgniter.php(317): CodeIgniter\CodeIgniter->handleRequest(NULL, Object(Config\Cache), false)
#6 /Applications/MAMP/htdocs/baru/public/index.php(37): CodeIgniter\CodeIgniter->run()
#7 /Applications/MAMP/htdocs/baru/vendor/codeigniter4/framework/system/Commands/Server/rewrite.php(43): require_once('/Applications/M...')
#8 {main}
ERROR - 2021-11-07 21:54:46 --> Error connecting to the database: Access denied for user '****'@'localhost' (using password: YES)
CRITICAL - 2021-11-07 21:54:46 --> Unable to connect to the database.
Main connection [MySQLi]: Access denied for user '****'@'localhost' (using password: YES)
#0 /Applications/MAMP/htdocs/baru/vendor/codeigniter4/framework/system/Database/Database.php(67): CodeIgniter\Database\BaseConnection->initialize()
#1 /Applications/MAMP/htdocs/baru/vendor/codeigniter4/framework/system/Database/Config.php(105): CodeIgniter\Database\Database->loadForge(Object(CodeIgniter\Database\MySQLi\Connection))
#2 /Applications/MAMP/htdocs/baru/app/Config/Routes.php(37): CodeIgniter\Database\Config::forge()
#3 /Applications/MAMP/htdocs/baru/vendor/codeigniter4/framework/system/CodeIgniter.php(758): CodeIgniter\CodeIgniter->Config\{closure}()
#4 /Applications/MAMP/htdocs/baru/vendor/codeigniter4/framework/system/CodeIgniter.php(386): CodeIgniter\CodeIgniter->startController()
#5 /Applications/MAMP/htdocs/baru/vendor/codeigniter4/framework/system/CodeIgniter.php(317): CodeIgniter\CodeIgniter->handleRequest(NULL, Object(Config\Cache), false)
#6 /Applications/MAMP/htdocs/baru/public/index.php(37): CodeIgniter\CodeIgniter->run()
#7 /Applications/MAMP/htdocs/baru/vendor/codeigniter4/framework/system/Commands/Server/rewrite.php(43): require_once('/Applications/M...')
#8 {main}
ERROR - 2021-11-07 21:54:47 --> Error connecting to the database: Access denied for user '****'@'localhost' (using password: YES)
CRITICAL - 2021-11-07 21:54:47 --> Unable to connect to the database.
Main connection [MySQLi]: Access denied for user '****'@'localhost' (using password: YES)
#0 /Applications/MAMP/htdocs/baru/vendor/codeigniter4/framework/system/Database/Database.php(67): CodeIgniter\Database\BaseConnection->initialize()
#1 /Applications/MAMP/htdocs/baru/vendor/codeigniter4/framework/system/Database/Config.php(105): CodeIgniter\Database\Database->loadForge(Object(CodeIgniter\Database\MySQLi\Connection))
#2 /Applications/MAMP/htdocs/baru/app/Config/Routes.php(37): CodeIgniter\Database\Config::forge()
#3 /Applications/MAMP/htdocs/baru/vendor/codeigniter4/framework/system/CodeIgniter.php(758): CodeIgniter\CodeIgniter->Config\{closure}()
#4 /Applications/MAMP/htdocs/baru/vendor/codeigniter4/framework/system/CodeIgniter.php(386): CodeIgniter\CodeIgniter->startController()
#5 /Applications/MAMP/htdocs/baru/vendor/codeigniter4/framework/system/CodeIgniter.php(317): CodeIgniter\CodeIgniter->handleRequest(NULL, Object(Config\Cache), false)
#6 /Applications/MAMP/htdocs/baru/public/index.php(37): CodeIgniter\CodeIgniter->run()
#7 /Applications/MAMP/htdocs/baru/vendor/codeigniter4/framework/system/Commands/Server/rewrite.php(43): require_once('/Applications/M...')
#8 {main}
ERROR - 2021-11-07 21:54:59 --> Error connecting to the database: Access denied for user '****'@'localhost' (using password: YES)
CRITICAL - 2021-11-07 21:54:59 --> Unable to connect to the database.
Main connection [MySQLi]: Access denied for user '****'@'localhost' (using password: YES)
#0 /Applications/MAMP/htdocs/baru/vendor/codeigniter4/framework/system/Database/Database.php(67): CodeIgniter\Database\BaseConnection->initialize()
#1 /Applications/MAMP/htdocs/baru/vendor/codeigniter4/framework/system/Database/Config.php(105): CodeIgniter\Database\Database->loadForge(Object(CodeIgniter\Database\MySQLi\Connection))
#2 /Applications/MAMP/htdocs/baru/app/Config/Routes.php(37): CodeIgniter\Database\Config::forge()
#3 /Applications/MAMP/htdocs/baru/vendor/codeigniter4/framework/system/CodeIgniter.php(758): CodeIgniter\CodeIgniter->Config\{closure}()
#4 /Applications/MAMP/htdocs/baru/vendor/codeigniter4/framework/system/CodeIgniter.php(386): CodeIgniter\CodeIgniter->startController()
#5 /Applications/MAMP/htdocs/baru/vendor/codeigniter4/framework/system/CodeIgniter.php(317): CodeIgniter\CodeIgniter->handleRequest(NULL, Object(Config\Cache), false)
#6 /Applications/MAMP/htdocs/baru/public/index.php(37): CodeIgniter\CodeIgniter->run()
#7 /Applications/MAMP/htdocs/baru/vendor/codeigniter4/framework/system/Commands/Server/rewrite.php(43): require_once('/Applications/M...')
#8 {main}
