CRITICAL - 2021-11-08 01:07:35 --> Undefined variable $guru
#0 /Applications/MAMP/htdocs/baru/app/Views/guru/get.php(27): CodeIgniter\Debug\Exceptions->errorHandler(2, 'Undefined varia...', '/Applications/M...', 27)
#1 /Applications/MAMP/htdocs/baru/vendor/codeigniter4/framework/system/View/View.php(214): include('/Applications/M...')
#2 /Applications/MAMP/htdocs/baru/vendor/codeigniter4/framework/system/View/View.php(217): CodeIgniter\View\View->CodeIgniter\View\{closure}()
#3 /Applications/MAMP/htdocs/baru/vendor/codeigniter4/framework/system/Common.php(1092): CodeIgniter\View\View->render('guru/get', Array, true)
#4 /Applications/MAMP/htdocs/baru/app/Controllers/Guru.php(14): view('guru/get')
#5 /Applications/MAMP/htdocs/baru/vendor/codeigniter4/framework/system/CodeIgniter.php(802): App\Controllers\Guru->index()
#6 /Applications/MAMP/htdocs/baru/vendor/codeigniter4/framework/system/CodeIgniter.php(399): CodeIgniter\CodeIgniter->runController(Object(App\Controllers\Guru))
#7 /Applications/MAMP/htdocs/baru/vendor/codeigniter4/framework/system/CodeIgniter.php(317): CodeIgniter\CodeIgniter->handleRequest(NULL, Object(Config\Cache), false)
#8 /Applications/MAMP/htdocs/baru/public/index.php(37): CodeIgniter\CodeIgniter->run()
#9 /Applications/MAMP/htdocs/baru/vendor/codeigniter4/framework/system/Commands/Server/rewrite.php(43): require_once('/Applications/M...')
#10 {main}
CRITICAL - 2021-11-08 01:22:31 --> Undefined variable $guru
#0 /Applications/MAMP/htdocs/baru/app/Views/guru/get.php(30): CodeIgniter\Debug\Exceptions->errorHandler(2, 'Undefined varia...', '/Applications/M...', 30)
#1 /Applications/MAMP/htdocs/baru/vendor/codeigniter4/framework/system/View/View.php(214): include('/Applications/M...')
#2 /Applications/MAMP/htdocs/baru/vendor/codeigniter4/framework/system/View/View.php(217): CodeIgniter\View\View->CodeIgniter\View\{closure}()
#3 /Applications/MAMP/htdocs/baru/vendor/codeigniter4/framework/system/Common.php(1092): CodeIgniter\View\View->render('guru/get', Array, true)
#4 /Applications/MAMP/htdocs/baru/app/Controllers/Guru.php(14): view('guru/get')
#5 /Applications/MAMP/htdocs/baru/vendor/codeigniter4/framework/system/CodeIgniter.php(802): App\Controllers\Guru->index()
#6 /Applications/MAMP/htdocs/baru/vendor/codeigniter4/framework/system/CodeIgniter.php(399): CodeIgniter\CodeIgniter->runController(Object(App\Controllers\Guru))
#7 /Applications/MAMP/htdocs/baru/vendor/codeigniter4/framework/system/CodeIgniter.php(317): CodeIgniter\CodeIgniter->handleRequest(NULL, Object(Config\Cache), false)
#8 /Applications/MAMP/htdocs/baru/public/index.php(37): CodeIgniter\CodeIgniter->run()
#9 /Applications/MAMP/htdocs/baru/vendor/codeigniter4/framework/system/Commands/Server/rewrite.php(43): require_once('/Applications/M...')
#10 {main}
CRITICAL - 2021-11-08 01:22:31 --> Undefined variable $guru
#0 /Applications/MAMP/htdocs/baru/app/Views/guru/get.php(30): CodeIgniter\Debug\Exceptions->errorHandler(2, 'Undefined varia...', '/Applications/M...', 30)
#1 /Applications/MAMP/htdocs/baru/vendor/codeigniter4/framework/system/View/View.php(214): include('/Applications/M...')
#2 /Applications/MAMP/htdocs/baru/vendor/codeigniter4/framework/system/View/View.php(217): CodeIgniter\View\View->CodeIgniter\View\{closure}()
#3 /Applications/MAMP/htdocs/baru/vendor/codeigniter4/framework/system/Common.php(1092): CodeIgniter\View\View->render('guru/get', Array, true)
#4 /Applications/MAMP/htdocs/baru/app/Controllers/Guru.php(14): view('guru/get')
#5 /Applications/MAMP/htdocs/baru/vendor/codeigniter4/framework/system/CodeIgniter.php(802): App\Controllers\Guru->index()
#6 /Applications/MAMP/htdocs/baru/vendor/codeigniter4/framework/system/CodeIgniter.php(399): CodeIgniter\CodeIgniter->runController(Object(App\Controllers\Guru))
#7 /Applications/MAMP/htdocs/baru/vendor/codeigniter4/framework/system/CodeIgniter.php(317): CodeIgniter\CodeIgniter->handleRequest(NULL, Object(Config\Cache), false)
#8 /Applications/MAMP/htdocs/baru/public/index.php(37): CodeIgniter\CodeIgniter->run()
#9 /Applications/MAMP/htdocs/baru/vendor/codeigniter4/framework/system/Commands/Server/rewrite.php(43): require_once('/Applications/M...')
#10 {main}
CRITICAL - 2021-11-08 01:22:32 --> Undefined variable $guru
#0 /Applications/MAMP/htdocs/baru/app/Views/guru/get.php(30): CodeIgniter\Debug\Exceptions->errorHandler(2, 'Undefined varia...', '/Applications/M...', 30)
#1 /Applications/MAMP/htdocs/baru/vendor/codeigniter4/framework/system/View/View.php(214): include('/Applications/M...')
#2 /Applications/MAMP/htdocs/baru/vendor/codeigniter4/framework/system/View/View.php(217): CodeIgniter\View\View->CodeIgniter\View\{closure}()
#3 /Applications/MAMP/htdocs/baru/vendor/codeigniter4/framework/system/Common.php(1092): CodeIgniter\View\View->render('guru/get', Array, true)
#4 /Applications/MAMP/htdocs/baru/app/Controllers/Guru.php(14): view('guru/get')
#5 /Applications/MAMP/htdocs/baru/vendor/codeigniter4/framework/system/CodeIgniter.php(802): App\Controllers\Guru->index()
#6 /Applications/MAMP/htdocs/baru/vendor/codeigniter4/framework/system/CodeIgniter.php(399): CodeIgniter\CodeIgniter->runController(Object(App\Controllers\Guru))
#7 /Applications/MAMP/htdocs/baru/vendor/codeigniter4/framework/system/CodeIgniter.php(317): CodeIgniter\CodeIgniter->handleRequest(NULL, Object(Config\Cache), false)
#8 /Applications/MAMP/htdocs/baru/public/index.php(37): CodeIgniter\CodeIgniter->run()
#9 /Applications/MAMP/htdocs/baru/vendor/codeigniter4/framework/system/Commands/Server/rewrite.php(43): require_once('/Applications/M...')
#10 {main}
CRITICAL - 2021-11-08 01:26:46 --> Undefined variable $data
#0 /Applications/MAMP/htdocs/baru/app/Views/guru/get.php(30): CodeIgniter\Debug\Exceptions->errorHandler(2, 'Undefined varia...', '/Applications/M...', 30)
#1 /Applications/MAMP/htdocs/baru/vendor/codeigniter4/framework/system/View/View.php(214): include('/Applications/M...')
#2 /Applications/MAMP/htdocs/baru/vendor/codeigniter4/framework/system/View/View.php(217): CodeIgniter\View\View->CodeIgniter\View\{closure}()
#3 /Applications/MAMP/htdocs/baru/vendor/codeigniter4/framework/system/Common.php(1092): CodeIgniter\View\View->render('guru/get', Array, true)
#4 /Applications/MAMP/htdocs/baru/app/Controllers/Guru.php(14): view('guru/get')
#5 /Applications/MAMP/htdocs/baru/vendor/codeigniter4/framework/system/CodeIgniter.php(802): App\Controllers\Guru->index()
#6 /Applications/MAMP/htdocs/baru/vendor/codeigniter4/framework/system/CodeIgniter.php(399): CodeIgniter\CodeIgniter->runController(Object(App\Controllers\Guru))
#7 /Applications/MAMP/htdocs/baru/vendor/codeigniter4/framework/system/CodeIgniter.php(317): CodeIgniter\CodeIgniter->handleRequest(NULL, Object(Config\Cache), false)
#8 /Applications/MAMP/htdocs/baru/public/index.php(37): CodeIgniter\CodeIgniter->run()
#9 /Applications/MAMP/htdocs/baru/vendor/codeigniter4/framework/system/Commands/Server/rewrite.php(43): require_once('/Applications/M...')
#10 {main}
CRITICAL - 2021-11-08 01:26:47 --> Undefined variable $data
#0 /Applications/MAMP/htdocs/baru/app/Views/guru/get.php(30): CodeIgniter\Debug\Exceptions->errorHandler(2, 'Undefined varia...', '/Applications/M...', 30)
#1 /Applications/MAMP/htdocs/baru/vendor/codeigniter4/framework/system/View/View.php(214): include('/Applications/M...')
#2 /Applications/MAMP/htdocs/baru/vendor/codeigniter4/framework/system/View/View.php(217): CodeIgniter\View\View->CodeIgniter\View\{closure}()
#3 /Applications/MAMP/htdocs/baru/vendor/codeigniter4/framework/system/Common.php(1092): CodeIgniter\View\View->render('guru/get', Array, true)
#4 /Applications/MAMP/htdocs/baru/app/Controllers/Guru.php(14): view('guru/get')
#5 /Applications/MAMP/htdocs/baru/vendor/codeigniter4/framework/system/CodeIgniter.php(802): App\Controllers\Guru->index()
#6 /Applications/MAMP/htdocs/baru/vendor/codeigniter4/framework/system/CodeIgniter.php(399): CodeIgniter\CodeIgniter->runController(Object(App\Controllers\Guru))
#7 /Applications/MAMP/htdocs/baru/vendor/codeigniter4/framework/system/CodeIgniter.php(317): CodeIgniter\CodeIgniter->handleRequest(NULL, Object(Config\Cache), false)
#8 /Applications/MAMP/htdocs/baru/public/index.php(37): CodeIgniter\CodeIgniter->run()
#9 /Applications/MAMP/htdocs/baru/vendor/codeigniter4/framework/system/Commands/Server/rewrite.php(43): require_once('/Applications/M...')
#10 {main}
CRITICAL - 2021-11-08 01:35:43 --> Undefined variable $guru
#0 /Applications/MAMP/htdocs/baru/app/Views/guru/get.php(30): CodeIgniter\Debug\Exceptions->errorHandler(2, 'Undefined varia...', '/Applications/M...', 30)
#1 /Applications/MAMP/htdocs/baru/vendor/codeigniter4/framework/system/View/View.php(214): include('/Applications/M...')
#2 /Applications/MAMP/htdocs/baru/vendor/codeigniter4/framework/system/View/View.php(217): CodeIgniter\View\View->CodeIgniter\View\{closure}()
#3 /Applications/MAMP/htdocs/baru/vendor/codeigniter4/framework/system/Common.php(1092): CodeIgniter\View\View->render('guru/get', Array, true)
#4 /Applications/MAMP/htdocs/baru/app/Controllers/Guru.php(14): view('guru/get')
#5 /Applications/MAMP/htdocs/baru/vendor/codeigniter4/framework/system/CodeIgniter.php(802): App\Controllers\Guru->index()
#6 /Applications/MAMP/htdocs/baru/vendor/codeigniter4/framework/system/CodeIgniter.php(399): CodeIgniter\CodeIgniter->runController(Object(App\Controllers\Guru))
#7 /Applications/MAMP/htdocs/baru/vendor/codeigniter4/framework/system/CodeIgniter.php(317): CodeIgniter\CodeIgniter->handleRequest(NULL, Object(Config\Cache), false)
#8 /Applications/MAMP/htdocs/baru/public/index.php(37): CodeIgniter\CodeIgniter->run()
#9 /Applications/MAMP/htdocs/baru/vendor/codeigniter4/framework/system/Commands/Server/rewrite.php(43): require_once('/Applications/M...')
#10 {main}
CRITICAL - 2021-11-08 01:35:45 --> Undefined variable $guru
#0 /Applications/MAMP/htdocs/baru/app/Views/guru/get.php(30): CodeIgniter\Debug\Exceptions->errorHandler(2, 'Undefined varia...', '/Applications/M...', 30)
#1 /Applications/MAMP/htdocs/baru/vendor/codeigniter4/framework/system/View/View.php(214): include('/Applications/M...')
#2 /Applications/MAMP/htdocs/baru/vendor/codeigniter4/framework/system/View/View.php(217): CodeIgniter\View\View->CodeIgniter\View\{closure}()
#3 /Applications/MAMP/htdocs/baru/vendor/codeigniter4/framework/system/Common.php(1092): CodeIgniter\View\View->render('guru/get', Array, true)
#4 /Applications/MAMP/htdocs/baru/app/Controllers/Guru.php(14): view('guru/get')
#5 /Applications/MAMP/htdocs/baru/vendor/codeigniter4/framework/system/CodeIgniter.php(802): App\Controllers\Guru->index()
#6 /Applications/MAMP/htdocs/baru/vendor/codeigniter4/framework/system/CodeIgniter.php(399): CodeIgniter\CodeIgniter->runController(Object(App\Controllers\Guru))
#7 /Applications/MAMP/htdocs/baru/vendor/codeigniter4/framework/system/CodeIgniter.php(317): CodeIgniter\CodeIgniter->handleRequest(NULL, Object(Config\Cache), false)
#8 /Applications/MAMP/htdocs/baru/public/index.php(37): CodeIgniter\CodeIgniter->run()
#9 /Applications/MAMP/htdocs/baru/vendor/codeigniter4/framework/system/Commands/Server/rewrite.php(43): require_once('/Applications/M...')
#10 {main}
CRITICAL - 2021-11-08 01:35:45 --> Undefined variable $guru
#0 /Applications/MAMP/htdocs/baru/app/Views/guru/get.php(30): CodeIgniter\Debug\Exceptions->errorHandler(2, 'Undefined varia...', '/Applications/M...', 30)
#1 /Applications/MAMP/htdocs/baru/vendor/codeigniter4/framework/system/View/View.php(214): include('/Applications/M...')
#2 /Applications/MAMP/htdocs/baru/vendor/codeigniter4/framework/system/View/View.php(217): CodeIgniter\View\View->CodeIgniter\View\{closure}()
#3 /Applications/MAMP/htdocs/baru/vendor/codeigniter4/framework/system/Common.php(1092): CodeIgniter\View\View->render('guru/get', Array, true)
#4 /Applications/MAMP/htdocs/baru/app/Controllers/Guru.php(14): view('guru/get')
#5 /Applications/MAMP/htdocs/baru/vendor/codeigniter4/framework/system/CodeIgniter.php(802): App\Controllers\Guru->index()
#6 /Applications/MAMP/htdocs/baru/vendor/codeigniter4/framework/system/CodeIgniter.php(399): CodeIgniter\CodeIgniter->runController(Object(App\Controllers\Guru))
#7 /Applications/MAMP/htdocs/baru/vendor/codeigniter4/framework/system/CodeIgniter.php(317): CodeIgniter\CodeIgniter->handleRequest(NULL, Object(Config\Cache), false)
#8 /Applications/MAMP/htdocs/baru/public/index.php(37): CodeIgniter\CodeIgniter->run()
#9 /Applications/MAMP/htdocs/baru/vendor/codeigniter4/framework/system/Commands/Server/rewrite.php(43): require_once('/Applications/M...')
#10 {main}
CRITICAL - 2021-11-08 01:35:46 --> Undefined variable $guru
#0 /Applications/MAMP/htdocs/baru/app/Views/guru/get.php(30): CodeIgniter\Debug\Exceptions->errorHandler(2, 'Undefined varia...', '/Applications/M...', 30)
#1 /Applications/MAMP/htdocs/baru/vendor/codeigniter4/framework/system/View/View.php(214): include('/Applications/M...')
#2 /Applications/MAMP/htdocs/baru/vendor/codeigniter4/framework/system/View/View.php(217): CodeIgniter\View\View->CodeIgniter\View\{closure}()
#3 /Applications/MAMP/htdocs/baru/vendor/codeigniter4/framework/system/Common.php(1092): CodeIgniter\View\View->render('guru/get', Array, true)
#4 /Applications/MAMP/htdocs/baru/app/Controllers/Guru.php(14): view('guru/get')
#5 /Applications/MAMP/htdocs/baru/vendor/codeigniter4/framework/system/CodeIgniter.php(802): App\Controllers\Guru->index()
#6 /Applications/MAMP/htdocs/baru/vendor/codeigniter4/framework/system/CodeIgniter.php(399): CodeIgniter\CodeIgniter->runController(Object(App\Controllers\Guru))
#7 /Applications/MAMP/htdocs/baru/vendor/codeigniter4/framework/system/CodeIgniter.php(317): CodeIgniter\CodeIgniter->handleRequest(NULL, Object(Config\Cache), false)
#8 /Applications/MAMP/htdocs/baru/public/index.php(37): CodeIgniter\CodeIgniter->run()
#9 /Applications/MAMP/htdocs/baru/vendor/codeigniter4/framework/system/Commands/Server/rewrite.php(43): require_once('/Applications/M...')
#10 {main}
CRITICAL - 2021-11-08 01:35:46 --> Undefined variable $guru
#0 /Applications/MAMP/htdocs/baru/app/Views/guru/get.php(30): CodeIgniter\Debug\Exceptions->errorHandler(2, 'Undefined varia...', '/Applications/M...', 30)
#1 /Applications/MAMP/htdocs/baru/vendor/codeigniter4/framework/system/View/View.php(214): include('/Applications/M...')
#2 /Applications/MAMP/htdocs/baru/vendor/codeigniter4/framework/system/View/View.php(217): CodeIgniter\View\View->CodeIgniter\View\{closure}()
#3 /Applications/MAMP/htdocs/baru/vendor/codeigniter4/framework/system/Common.php(1092): CodeIgniter\View\View->render('guru/get', Array, true)
#4 /Applications/MAMP/htdocs/baru/app/Controllers/Guru.php(14): view('guru/get')
#5 /Applications/MAMP/htdocs/baru/vendor/codeigniter4/framework/system/CodeIgniter.php(802): App\Controllers\Guru->index()
#6 /Applications/MAMP/htdocs/baru/vendor/codeigniter4/framework/system/CodeIgniter.php(399): CodeIgniter\CodeIgniter->runController(Object(App\Controllers\Guru))
#7 /Applications/MAMP/htdocs/baru/vendor/codeigniter4/framework/system/CodeIgniter.php(317): CodeIgniter\CodeIgniter->handleRequest(NULL, Object(Config\Cache), false)
#8 /Applications/MAMP/htdocs/baru/public/index.php(37): CodeIgniter\CodeIgniter->run()
#9 /Applications/MAMP/htdocs/baru/vendor/codeigniter4/framework/system/Commands/Server/rewrite.php(43): require_once('/Applications/M...')
#10 {main}
CRITICAL - 2021-11-08 01:37:16 --> Undefined variable $tb_user
#0 /Applications/MAMP/htdocs/baru/app/Views/guru/get.php(30): CodeIgniter\Debug\Exceptions->errorHandler(2, 'Undefined varia...', '/Applications/M...', 30)
#1 /Applications/MAMP/htdocs/baru/vendor/codeigniter4/framework/system/View/View.php(214): include('/Applications/M...')
#2 /Applications/MAMP/htdocs/baru/vendor/codeigniter4/framework/system/View/View.php(217): CodeIgniter\View\View->CodeIgniter\View\{closure}()
#3 /Applications/MAMP/htdocs/baru/vendor/codeigniter4/framework/system/Common.php(1092): CodeIgniter\View\View->render('guru/get', Array, true)
#4 /Applications/MAMP/htdocs/baru/app/Controllers/Guru.php(14): view('guru/get')
#5 /Applications/MAMP/htdocs/baru/vendor/codeigniter4/framework/system/CodeIgniter.php(802): App\Controllers\Guru->index()
#6 /Applications/MAMP/htdocs/baru/vendor/codeigniter4/framework/system/CodeIgniter.php(399): CodeIgniter\CodeIgniter->runController(Object(App\Controllers\Guru))
#7 /Applications/MAMP/htdocs/baru/vendor/codeigniter4/framework/system/CodeIgniter.php(317): CodeIgniter\CodeIgniter->handleRequest(NULL, Object(Config\Cache), false)
#8 /Applications/MAMP/htdocs/baru/public/index.php(37): CodeIgniter\CodeIgniter->run()
#9 /Applications/MAMP/htdocs/baru/vendor/codeigniter4/framework/system/Commands/Server/rewrite.php(43): require_once('/Applications/M...')
#10 {main}
CRITICAL - 2021-11-08 01:37:17 --> Undefined variable $tb_user
#0 /Applications/MAMP/htdocs/baru/app/Views/guru/get.php(30): CodeIgniter\Debug\Exceptions->errorHandler(2, 'Undefined varia...', '/Applications/M...', 30)
#1 /Applications/MAMP/htdocs/baru/vendor/codeigniter4/framework/system/View/View.php(214): include('/Applications/M...')
#2 /Applications/MAMP/htdocs/baru/vendor/codeigniter4/framework/system/View/View.php(217): CodeIgniter\View\View->CodeIgniter\View\{closure}()
#3 /Applications/MAMP/htdocs/baru/vendor/codeigniter4/framework/system/Common.php(1092): CodeIgniter\View\View->render('guru/get', Array, true)
#4 /Applications/MAMP/htdocs/baru/app/Controllers/Guru.php(14): view('guru/get')
#5 /Applications/MAMP/htdocs/baru/vendor/codeigniter4/framework/system/CodeIgniter.php(802): App\Controllers\Guru->index()
#6 /Applications/MAMP/htdocs/baru/vendor/codeigniter4/framework/system/CodeIgniter.php(399): CodeIgniter\CodeIgniter->runController(Object(App\Controllers\Guru))
#7 /Applications/MAMP/htdocs/baru/vendor/codeigniter4/framework/system/CodeIgniter.php(317): CodeIgniter\CodeIgniter->handleRequest(NULL, Object(Config\Cache), false)
#8 /Applications/MAMP/htdocs/baru/public/index.php(37): CodeIgniter\CodeIgniter->run()
#9 /Applications/MAMP/htdocs/baru/vendor/codeigniter4/framework/system/Commands/Server/rewrite.php(43): require_once('/Applications/M...')
#10 {main}
CRITICAL - 2021-11-08 01:37:17 --> Undefined variable $tb_user
#0 /Applications/MAMP/htdocs/baru/app/Views/guru/get.php(30): CodeIgniter\Debug\Exceptions->errorHandler(2, 'Undefined varia...', '/Applications/M...', 30)
#1 /Applications/MAMP/htdocs/baru/vendor/codeigniter4/framework/system/View/View.php(214): include('/Applications/M...')
#2 /Applications/MAMP/htdocs/baru/vendor/codeigniter4/framework/system/View/View.php(217): CodeIgniter\View\View->CodeIgniter\View\{closure}()
#3 /Applications/MAMP/htdocs/baru/vendor/codeigniter4/framework/system/Common.php(1092): CodeIgniter\View\View->render('guru/get', Array, true)
#4 /Applications/MAMP/htdocs/baru/app/Controllers/Guru.php(14): view('guru/get')
#5 /Applications/MAMP/htdocs/baru/vendor/codeigniter4/framework/system/CodeIgniter.php(802): App\Controllers\Guru->index()
#6 /Applications/MAMP/htdocs/baru/vendor/codeigniter4/framework/system/CodeIgniter.php(399): CodeIgniter\CodeIgniter->runController(Object(App\Controllers\Guru))
#7 /Applications/MAMP/htdocs/baru/vendor/codeigniter4/framework/system/CodeIgniter.php(317): CodeIgniter\CodeIgniter->handleRequest(NULL, Object(Config\Cache), false)
#8 /Applications/MAMP/htdocs/baru/public/index.php(37): CodeIgniter\CodeIgniter->run()
#9 /Applications/MAMP/htdocs/baru/vendor/codeigniter4/framework/system/Commands/Server/rewrite.php(43): require_once('/Applications/M...')
#10 {main}
CRITICAL - 2021-11-08 01:37:17 --> Undefined variable $tb_user
#0 /Applications/MAMP/htdocs/baru/app/Views/guru/get.php(30): CodeIgniter\Debug\Exceptions->errorHandler(2, 'Undefined varia...', '/Applications/M...', 30)
#1 /Applications/MAMP/htdocs/baru/vendor/codeigniter4/framework/system/View/View.php(214): include('/Applications/M...')
#2 /Applications/MAMP/htdocs/baru/vendor/codeigniter4/framework/system/View/View.php(217): CodeIgniter\View\View->CodeIgniter\View\{closure}()
#3 /Applications/MAMP/htdocs/baru/vendor/codeigniter4/framework/system/Common.php(1092): CodeIgniter\View\View->render('guru/get', Array, true)
#4 /Applications/MAMP/htdocs/baru/app/Controllers/Guru.php(14): view('guru/get')
#5 /Applications/MAMP/htdocs/baru/vendor/codeigniter4/framework/system/CodeIgniter.php(802): App\Controllers\Guru->index()
#6 /Applications/MAMP/htdocs/baru/vendor/codeigniter4/framework/system/CodeIgniter.php(399): CodeIgniter\CodeIgniter->runController(Object(App\Controllers\Guru))
#7 /Applications/MAMP/htdocs/baru/vendor/codeigniter4/framework/system/CodeIgniter.php(317): CodeIgniter\CodeIgniter->handleRequest(NULL, Object(Config\Cache), false)
#8 /Applications/MAMP/htdocs/baru/public/index.php(37): CodeIgniter\CodeIgniter->run()
#9 /Applications/MAMP/htdocs/baru/vendor/codeigniter4/framework/system/Commands/Server/rewrite.php(43): require_once('/Applications/M...')
#10 {main}
CRITICAL - 2021-11-08 01:37:17 --> Undefined variable $tb_user
#0 /Applications/MAMP/htdocs/baru/app/Views/guru/get.php(30): CodeIgniter\Debug\Exceptions->errorHandler(2, 'Undefined varia...', '/Applications/M...', 30)
#1 /Applications/MAMP/htdocs/baru/vendor/codeigniter4/framework/system/View/View.php(214): include('/Applications/M...')
#2 /Applications/MAMP/htdocs/baru/vendor/codeigniter4/framework/system/View/View.php(217): CodeIgniter\View\View->CodeIgniter\View\{closure}()
#3 /Applications/MAMP/htdocs/baru/vendor/codeigniter4/framework/system/Common.php(1092): CodeIgniter\View\View->render('guru/get', Array, true)
#4 /Applications/MAMP/htdocs/baru/app/Controllers/Guru.php(14): view('guru/get')
#5 /Applications/MAMP/htdocs/baru/vendor/codeigniter4/framework/system/CodeIgniter.php(802): App\Controllers\Guru->index()
#6 /Applications/MAMP/htdocs/baru/vendor/codeigniter4/framework/system/CodeIgniter.php(399): CodeIgniter\CodeIgniter->runController(Object(App\Controllers\Guru))
#7 /Applications/MAMP/htdocs/baru/vendor/codeigniter4/framework/system/CodeIgniter.php(317): CodeIgniter\CodeIgniter->handleRequest(NULL, Object(Config\Cache), false)
#8 /Applications/MAMP/htdocs/baru/public/index.php(37): CodeIgniter\CodeIgniter->run()
#9 /Applications/MAMP/htdocs/baru/vendor/codeigniter4/framework/system/Commands/Server/rewrite.php(43): require_once('/Applications/M...')
#10 {main}
CRITICAL - 2021-11-08 01:37:18 --> Undefined variable $tb_user
#0 /Applications/MAMP/htdocs/baru/app/Views/guru/get.php(30): CodeIgniter\Debug\Exceptions->errorHandler(2, 'Undefined varia...', '/Applications/M...', 30)
#1 /Applications/MAMP/htdocs/baru/vendor/codeigniter4/framework/system/View/View.php(214): include('/Applications/M...')
#2 /Applications/MAMP/htdocs/baru/vendor/codeigniter4/framework/system/View/View.php(217): CodeIgniter\View\View->CodeIgniter\View\{closure}()
#3 /Applications/MAMP/htdocs/baru/vendor/codeigniter4/framework/system/Common.php(1092): CodeIgniter\View\View->render('guru/get', Array, true)
#4 /Applications/MAMP/htdocs/baru/app/Controllers/Guru.php(14): view('guru/get')
#5 /Applications/MAMP/htdocs/baru/vendor/codeigniter4/framework/system/CodeIgniter.php(802): App\Controllers\Guru->index()
#6 /Applications/MAMP/htdocs/baru/vendor/codeigniter4/framework/system/CodeIgniter.php(399): CodeIgniter\CodeIgniter->runController(Object(App\Controllers\Guru))
#7 /Applications/MAMP/htdocs/baru/vendor/codeigniter4/framework/system/CodeIgniter.php(317): CodeIgniter\CodeIgniter->handleRequest(NULL, Object(Config\Cache), false)
#8 /Applications/MAMP/htdocs/baru/public/index.php(37): CodeIgniter\CodeIgniter->run()
#9 /Applications/MAMP/htdocs/baru/vendor/codeigniter4/framework/system/Commands/Server/rewrite.php(43): require_once('/Applications/M...')
#10 {main}
CRITICAL - 2021-11-08 01:37:18 --> Undefined variable $tb_user
#0 /Applications/MAMP/htdocs/baru/app/Views/guru/get.php(30): CodeIgniter\Debug\Exceptions->errorHandler(2, 'Undefined varia...', '/Applications/M...', 30)
#1 /Applications/MAMP/htdocs/baru/vendor/codeigniter4/framework/system/View/View.php(214): include('/Applications/M...')
#2 /Applications/MAMP/htdocs/baru/vendor/codeigniter4/framework/system/View/View.php(217): CodeIgniter\View\View->CodeIgniter\View\{closure}()
#3 /Applications/MAMP/htdocs/baru/vendor/codeigniter4/framework/system/Common.php(1092): CodeIgniter\View\View->render('guru/get', Array, true)
#4 /Applications/MAMP/htdocs/baru/app/Controllers/Guru.php(14): view('guru/get')
#5 /Applications/MAMP/htdocs/baru/vendor/codeigniter4/framework/system/CodeIgniter.php(802): App\Controllers\Guru->index()
#6 /Applications/MAMP/htdocs/baru/vendor/codeigniter4/framework/system/CodeIgniter.php(399): CodeIgniter\CodeIgniter->runController(Object(App\Controllers\Guru))
#7 /Applications/MAMP/htdocs/baru/vendor/codeigniter4/framework/system/CodeIgniter.php(317): CodeIgniter\CodeIgniter->handleRequest(NULL, Object(Config\Cache), false)
#8 /Applications/MAMP/htdocs/baru/public/index.php(37): CodeIgniter\CodeIgniter->run()
#9 /Applications/MAMP/htdocs/baru/vendor/codeigniter4/framework/system/Commands/Server/rewrite.php(43): require_once('/Applications/M...')
#10 {main}
CRITICAL - 2021-11-08 01:37:18 --> Undefined variable $tb_user
#0 /Applications/MAMP/htdocs/baru/app/Views/guru/get.php(30): CodeIgniter\Debug\Exceptions->errorHandler(2, 'Undefined varia...', '/Applications/M...', 30)
#1 /Applications/MAMP/htdocs/baru/vendor/codeigniter4/framework/system/View/View.php(214): include('/Applications/M...')
#2 /Applications/MAMP/htdocs/baru/vendor/codeigniter4/framework/system/View/View.php(217): CodeIgniter\View\View->CodeIgniter\View\{closure}()
#3 /Applications/MAMP/htdocs/baru/vendor/codeigniter4/framework/system/Common.php(1092): CodeIgniter\View\View->render('guru/get', Array, true)
#4 /Applications/MAMP/htdocs/baru/app/Controllers/Guru.php(14): view('guru/get')
#5 /Applications/MAMP/htdocs/baru/vendor/codeigniter4/framework/system/CodeIgniter.php(802): App\Controllers\Guru->index()
#6 /Applications/MAMP/htdocs/baru/vendor/codeigniter4/framework/system/CodeIgniter.php(399): CodeIgniter\CodeIgniter->runController(Object(App\Controllers\Guru))
#7 /Applications/MAMP/htdocs/baru/vendor/codeigniter4/framework/system/CodeIgniter.php(317): CodeIgniter\CodeIgniter->handleRequest(NULL, Object(Config\Cache), false)
#8 /Applications/MAMP/htdocs/baru/public/index.php(37): CodeIgniter\CodeIgniter->run()
#9 /Applications/MAMP/htdocs/baru/vendor/codeigniter4/framework/system/Commands/Server/rewrite.php(43): require_once('/Applications/M...')
#10 {main}
CRITICAL - 2021-11-08 01:37:18 --> Undefined variable $tb_user
#0 /Applications/MAMP/htdocs/baru/app/Views/guru/get.php(30): CodeIgniter\Debug\Exceptions->errorHandler(2, 'Undefined varia...', '/Applications/M...', 30)
#1 /Applications/MAMP/htdocs/baru/vendor/codeigniter4/framework/system/View/View.php(214): include('/Applications/M...')
#2 /Applications/MAMP/htdocs/baru/vendor/codeigniter4/framework/system/View/View.php(217): CodeIgniter\View\View->CodeIgniter\View\{closure}()
#3 /Applications/MAMP/htdocs/baru/vendor/codeigniter4/framework/system/Common.php(1092): CodeIgniter\View\View->render('guru/get', Array, true)
#4 /Applications/MAMP/htdocs/baru/app/Controllers/Guru.php(14): view('guru/get')
#5 /Applications/MAMP/htdocs/baru/vendor/codeigniter4/framework/system/CodeIgniter.php(802): App\Controllers\Guru->index()
#6 /Applications/MAMP/htdocs/baru/vendor/codeigniter4/framework/system/CodeIgniter.php(399): CodeIgniter\CodeIgniter->runController(Object(App\Controllers\Guru))
#7 /Applications/MAMP/htdocs/baru/vendor/codeigniter4/framework/system/CodeIgniter.php(317): CodeIgniter\CodeIgniter->handleRequest(NULL, Object(Config\Cache), false)
#8 /Applications/MAMP/htdocs/baru/public/index.php(37): CodeIgniter\CodeIgniter->run()
#9 /Applications/MAMP/htdocs/baru/vendor/codeigniter4/framework/system/Commands/Server/rewrite.php(43): require_once('/Applications/M...')
#10 {main}
CRITICAL - 2021-11-08 02:24:39 --> filteradmin filter must have a matching alias defined.
#0 /Applications/MAMP/htdocs/baru/vendor/codeigniter4/framework/system/Filters/Filters.php(476): CodeIgniter\Filters\Exceptions\FilterException::forNoAlias('filteradmin')
#1 /Applications/MAMP/htdocs/baru/vendor/codeigniter4/framework/system/Filters/Filters.php(245): CodeIgniter\Filters\Filters->processAliasesToClass('before')
#2 /Applications/MAMP/htdocs/baru/vendor/codeigniter4/framework/system/Filters/Filters.php(159): CodeIgniter\Filters\Filters->initialize('login')
#3 /Applications/MAMP/htdocs/baru/vendor/codeigniter4/framework/system/CodeIgniter.php(374): CodeIgniter\Filters\Filters->run('Login', 'before')
#4 /Applications/MAMP/htdocs/baru/vendor/codeigniter4/framework/system/CodeIgniter.php(317): CodeIgniter\CodeIgniter->handleRequest(NULL, Object(Config\Cache), false)
#5 /Applications/MAMP/htdocs/baru/public/index.php(37): CodeIgniter\CodeIgniter->run()
#6 /Applications/MAMP/htdocs/baru/vendor/codeigniter4/framework/system/Commands/Server/rewrite.php(43): require_once('/Applications/M...')
#7 {main}
CRITICAL - 2021-11-08 02:37:06 --> Undefined property: CodeIgniter\View\View::$db
#0 /Applications/MAMP/htdocs/baru/app/Views/guru/get.php(26): CodeIgniter\Debug\Exceptions->errorHandler(2, 'Undefined prope...', '/Applications/M...', 26)
#1 /Applications/MAMP/htdocs/baru/vendor/codeigniter4/framework/system/View/View.php(214): include('/Applications/M...')
#2 /Applications/MAMP/htdocs/baru/vendor/codeigniter4/framework/system/View/View.php(217): CodeIgniter\View\View->CodeIgniter\View\{closure}()
#3 /Applications/MAMP/htdocs/baru/vendor/codeigniter4/framework/system/Common.php(1092): CodeIgniter\View\View->render('guru/get', Array, true)
#4 /Applications/MAMP/htdocs/baru/app/Controllers/Guru.php(9): view('guru/get')
#5 /Applications/MAMP/htdocs/baru/vendor/codeigniter4/framework/system/CodeIgniter.php(802): App\Controllers\Guru->index()
#6 /Applications/MAMP/htdocs/baru/vendor/codeigniter4/framework/system/CodeIgniter.php(399): CodeIgniter\CodeIgniter->runController(Object(App\Controllers\Guru))
#7 /Applications/MAMP/htdocs/baru/vendor/codeigniter4/framework/system/CodeIgniter.php(317): CodeIgniter\CodeIgniter->handleRequest(NULL, Object(Config\Cache), false)
#8 /Applications/MAMP/htdocs/baru/public/index.php(37): CodeIgniter\CodeIgniter->run()
#9 /Applications/MAMP/htdocs/baru/vendor/codeigniter4/framework/system/Commands/Server/rewrite.php(43): require_once('/Applications/M...')
#10 {main}
CRITICAL - 2021-11-08 02:44:45 --> Undefined variable $Mdl_guru
#0 /Applications/MAMP/htdocs/baru/app/Views/guru/get.php(26): CodeIgniter\Debug\Exceptions->errorHandler(2, 'Undefined varia...', '/Applications/M...', 26)
#1 /Applications/MAMP/htdocs/baru/vendor/codeigniter4/framework/system/View/View.php(214): include('/Applications/M...')
#2 /Applications/MAMP/htdocs/baru/vendor/codeigniter4/framework/system/View/View.php(217): CodeIgniter\View\View->CodeIgniter\View\{closure}()
#3 /Applications/MAMP/htdocs/baru/vendor/codeigniter4/framework/system/Common.php(1092): CodeIgniter\View\View->render('guru/get', Array, true)
#4 /Applications/MAMP/htdocs/baru/app/Controllers/Guru.php(9): view('guru/get')
#5 /Applications/MAMP/htdocs/baru/vendor/codeigniter4/framework/system/CodeIgniter.php(802): App\Controllers\Guru->index()
#6 /Applications/MAMP/htdocs/baru/vendor/codeigniter4/framework/system/CodeIgniter.php(399): CodeIgniter\CodeIgniter->runController(Object(App\Controllers\Guru))
#7 /Applications/MAMP/htdocs/baru/vendor/codeigniter4/framework/system/CodeIgniter.php(317): CodeIgniter\CodeIgniter->handleRequest(NULL, Object(Config\Cache), false)
#8 /Applications/MAMP/htdocs/baru/public/index.php(37): CodeIgniter\CodeIgniter->run()
#9 /Applications/MAMP/htdocs/baru/vendor/codeigniter4/framework/system/Commands/Server/rewrite.php(43): require_once('/Applications/M...')
#10 {main}
CRITICAL - 2021-11-08 02:44:46 --> Undefined variable $Mdl_guru
#0 /Applications/MAMP/htdocs/baru/app/Views/guru/get.php(26): CodeIgniter\Debug\Exceptions->errorHandler(2, 'Undefined varia...', '/Applications/M...', 26)
#1 /Applications/MAMP/htdocs/baru/vendor/codeigniter4/framework/system/View/View.php(214): include('/Applications/M...')
#2 /Applications/MAMP/htdocs/baru/vendor/codeigniter4/framework/system/View/View.php(217): CodeIgniter\View\View->CodeIgniter\View\{closure}()
#3 /Applications/MAMP/htdocs/baru/vendor/codeigniter4/framework/system/Common.php(1092): CodeIgniter\View\View->render('guru/get', Array, true)
#4 /Applications/MAMP/htdocs/baru/app/Controllers/Guru.php(9): view('guru/get')
#5 /Applications/MAMP/htdocs/baru/vendor/codeigniter4/framework/system/CodeIgniter.php(802): App\Controllers\Guru->index()
#6 /Applications/MAMP/htdocs/baru/vendor/codeigniter4/framework/system/CodeIgniter.php(399): CodeIgniter\CodeIgniter->runController(Object(App\Controllers\Guru))
#7 /Applications/MAMP/htdocs/baru/vendor/codeigniter4/framework/system/CodeIgniter.php(317): CodeIgniter\CodeIgniter->handleRequest(NULL, Object(Config\Cache), false)
#8 /Applications/MAMP/htdocs/baru/public/index.php(37): CodeIgniter\CodeIgniter->run()
#9 /Applications/MAMP/htdocs/baru/vendor/codeigniter4/framework/system/Commands/Server/rewrite.php(43): require_once('/Applications/M...')
#10 {main}
ERROR - 2021-11-08 11:12:05 --> Error connecting to the database: Access denied for user '****'@'localhost' (using password: YES)
CRITICAL - 2021-11-08 11:12:05 --> Unable to connect to the database.
Main connection [MySQLi]: Access denied for user '****'@'localhost' (using password: YES)
#0 /Applications/MAMP/htdocs/baru/vendor/codeigniter4/framework/system/Database/Database.php(67): CodeIgniter\Database\BaseConnection->initialize()
#1 /Applications/MAMP/htdocs/baru/vendor/codeigniter4/framework/system/Database/Config.php(105): CodeIgniter\Database\Database->loadForge(Object(CodeIgniter\Database\MySQLi\Connection))
#2 /Applications/MAMP/htdocs/baru/app/Config/Routes.php(36): CodeIgniter\Database\Config::forge()
#3 /Applications/MAMP/htdocs/baru/vendor/codeigniter4/framework/system/CodeIgniter.php(758): CodeIgniter\CodeIgniter->Config\{closure}()
#4 /Applications/MAMP/htdocs/baru/vendor/codeigniter4/framework/system/CodeIgniter.php(386): CodeIgniter\CodeIgniter->startController()
#5 /Applications/MAMP/htdocs/baru/vendor/codeigniter4/framework/system/CodeIgniter.php(317): CodeIgniter\CodeIgniter->handleRequest(NULL, Object(Config\Cache), false)
#6 /Applications/MAMP/htdocs/baru/public/index.php(37): CodeIgniter\CodeIgniter->run()
#7 /Applications/MAMP/htdocs/baru/vendor/codeigniter4/framework/system/Commands/Server/rewrite.php(43): require_once('/Applications/M...')
#8 {main}
ERROR - 2021-11-08 11:12:46 --> Error connecting to the database: Access denied for user '****'@'localhost' (using password: YES)
CRITICAL - 2021-11-08 11:12:46 --> Unable to connect to the database.
Main connection [MySQLi]: Access denied for user '****'@'localhost' (using password: YES)
#0 /Applications/MAMP/htdocs/baru/vendor/codeigniter4/framework/system/Database/Database.php(67): CodeIgniter\Database\BaseConnection->initialize()
#1 /Applications/MAMP/htdocs/baru/vendor/codeigniter4/framework/system/Database/Config.php(105): CodeIgniter\Database\Database->loadForge(Object(CodeIgniter\Database\MySQLi\Connection))
#2 /Applications/MAMP/htdocs/baru/app/Config/Routes.php(36): CodeIgniter\Database\Config::forge()
#3 /Applications/MAMP/htdocs/baru/vendor/codeigniter4/framework/system/CodeIgniter.php(758): CodeIgniter\CodeIgniter->Config\{closure}()
#4 /Applications/MAMP/htdocs/baru/vendor/codeigniter4/framework/system/CodeIgniter.php(386): CodeIgniter\CodeIgniter->startController()
#5 /Applications/MAMP/htdocs/baru/vendor/codeigniter4/framework/system/CodeIgniter.php(317): CodeIgniter\CodeIgniter->handleRequest(NULL, Object(Config\Cache), false)
#6 /Applications/MAMP/htdocs/baru/public/index.php(37): CodeIgniter\CodeIgniter->run()
#7 /Applications/MAMP/htdocs/baru/vendor/codeigniter4/framework/system/Commands/Server/rewrite.php(43): require_once('/Applications/M...')
#8 {main}
ERROR - 2021-11-08 11:15:33 --> Error connecting to the database: Access denied for user '****'@'localhost' (using password: YES)
CRITICAL - 2021-11-08 11:15:33 --> Unable to connect to the database.
Main connection [MySQLi]: Access denied for user '****'@'localhost' (using password: YES)
#0 /Applications/MAMP/htdocs/baru/vendor/codeigniter4/framework/system/Database/Database.php(67): CodeIgniter\Database\BaseConnection->initialize()
#1 /Applications/MAMP/htdocs/baru/vendor/codeigniter4/framework/system/Database/Config.php(105): CodeIgniter\Database\Database->loadForge(Object(CodeIgniter\Database\MySQLi\Connection))
#2 /Applications/MAMP/htdocs/baru/app/Config/Routes.php(36): CodeIgniter\Database\Config::forge()
#3 /Applications/MAMP/htdocs/baru/vendor/codeigniter4/framework/system/CodeIgniter.php(758): CodeIgniter\CodeIgniter->Config\{closure}()
#4 /Applications/MAMP/htdocs/baru/vendor/codeigniter4/framework/system/CodeIgniter.php(386): CodeIgniter\CodeIgniter->startController()
#5 /Applications/MAMP/htdocs/baru/vendor/codeigniter4/framework/system/CodeIgniter.php(317): CodeIgniter\CodeIgniter->handleRequest(NULL, Object(Config\Cache), false)
#6 /Applications/MAMP/htdocs/baru/public/index.php(37): CodeIgniter\CodeIgniter->run()
#7 /Applications/MAMP/htdocs/baru/vendor/codeigniter4/framework/system/Commands/Server/rewrite.php(43): require_once('/Applications/M...')
#8 {main}
ERROR - 2021-11-08 11:15:34 --> Error connecting to the database: Access denied for user '****'@'localhost' (using password: YES)
CRITICAL - 2021-11-08 11:15:34 --> Unable to connect to the database.
Main connection [MySQLi]: Access denied for user '****'@'localhost' (using password: YES)
#0 /Applications/MAMP/htdocs/baru/vendor/codeigniter4/framework/system/Database/Database.php(67): CodeIgniter\Database\BaseConnection->initialize()
#1 /Applications/MAMP/htdocs/baru/vendor/codeigniter4/framework/system/Database/Config.php(105): CodeIgniter\Database\Database->loadForge(Object(CodeIgniter\Database\MySQLi\Connection))
#2 /Applications/MAMP/htdocs/baru/app/Config/Routes.php(36): CodeIgniter\Database\Config::forge()
#3 /Applications/MAMP/htdocs/baru/vendor/codeigniter4/framework/system/CodeIgniter.php(758): CodeIgniter\CodeIgniter->Config\{closure}()
#4 /Applications/MAMP/htdocs/baru/vendor/codeigniter4/framework/system/CodeIgniter.php(386): CodeIgniter\CodeIgniter->startController()
#5 /Applications/MAMP/htdocs/baru/vendor/codeigniter4/framework/system/CodeIgniter.php(317): CodeIgniter\CodeIgniter->handleRequest(NULL, Object(Config\Cache), false)
#6 /Applications/MAMP/htdocs/baru/public/index.php(37): CodeIgniter\CodeIgniter->run()
#7 /Applications/MAMP/htdocs/baru/vendor/codeigniter4/framework/system/Commands/Server/rewrite.php(43): require_once('/Applications/M...')
#8 {main}
ERROR - 2021-11-08 11:15:34 --> Error connecting to the database: Access denied for user '****'@'localhost' (using password: YES)
CRITICAL - 2021-11-08 11:15:34 --> Unable to connect to the database.
Main connection [MySQLi]: Access denied for user '****'@'localhost' (using password: YES)
#0 /Applications/MAMP/htdocs/baru/vendor/codeigniter4/framework/system/Database/Database.php(67): CodeIgniter\Database\BaseConnection->initialize()
#1 /Applications/MAMP/htdocs/baru/vendor/codeigniter4/framework/system/Database/Config.php(105): CodeIgniter\Database\Database->loadForge(Object(CodeIgniter\Database\MySQLi\Connection))
#2 /Applications/MAMP/htdocs/baru/app/Config/Routes.php(36): CodeIgniter\Database\Config::forge()
#3 /Applications/MAMP/htdocs/baru/vendor/codeigniter4/framework/system/CodeIgniter.php(758): CodeIgniter\CodeIgniter->Config\{closure}()
#4 /Applications/MAMP/htdocs/baru/vendor/codeigniter4/framework/system/CodeIgniter.php(386): CodeIgniter\CodeIgniter->startController()
#5 /Applications/MAMP/htdocs/baru/vendor/codeigniter4/framework/system/CodeIgniter.php(317): CodeIgniter\CodeIgniter->handleRequest(NULL, Object(Config\Cache), false)
#6 /Applications/MAMP/htdocs/baru/public/index.php(37): CodeIgniter\CodeIgniter->run()
#7 /Applications/MAMP/htdocs/baru/vendor/codeigniter4/framework/system/Commands/Server/rewrite.php(43): require_once('/Applications/M...')
#8 {main}
ERROR - 2021-11-08 11:15:34 --> Error connecting to the database: Access denied for user '****'@'localhost' (using password: YES)
CRITICAL - 2021-11-08 11:15:34 --> Unable to connect to the database.
Main connection [MySQLi]: Access denied for user '****'@'localhost' (using password: YES)
#0 /Applications/MAMP/htdocs/baru/vendor/codeigniter4/framework/system/Database/Database.php(67): CodeIgniter\Database\BaseConnection->initialize()
#1 /Applications/MAMP/htdocs/baru/vendor/codeigniter4/framework/system/Database/Config.php(105): CodeIgniter\Database\Database->loadForge(Object(CodeIgniter\Database\MySQLi\Connection))
#2 /Applications/MAMP/htdocs/baru/app/Config/Routes.php(36): CodeIgniter\Database\Config::forge()
#3 /Applications/MAMP/htdocs/baru/vendor/codeigniter4/framework/system/CodeIgniter.php(758): CodeIgniter\CodeIgniter->Config\{closure}()
#4 /Applications/MAMP/htdocs/baru/vendor/codeigniter4/framework/system/CodeIgniter.php(386): CodeIgniter\CodeIgniter->startController()
#5 /Applications/MAMP/htdocs/baru/vendor/codeigniter4/framework/system/CodeIgniter.php(317): CodeIgniter\CodeIgniter->handleRequest(NULL, Object(Config\Cache), false)
#6 /Applications/MAMP/htdocs/baru/public/index.php(37): CodeIgniter\CodeIgniter->run()
#7 /Applications/MAMP/htdocs/baru/vendor/codeigniter4/framework/system/Commands/Server/rewrite.php(43): require_once('/Applications/M...')
#8 {main}
ERROR - 2021-11-08 11:15:47 --> Error connecting to the database: Access denied for user '****'@'localhost' (using password: YES)
CRITICAL - 2021-11-08 11:15:47 --> Unable to connect to the database.
Main connection [MySQLi]: Access denied for user '****'@'localhost' (using password: YES)
#0 /Applications/MAMP/htdocs/baru/vendor/codeigniter4/framework/system/Database/Database.php(67): CodeIgniter\Database\BaseConnection->initialize()
#1 /Applications/MAMP/htdocs/baru/vendor/codeigniter4/framework/system/Database/Config.php(105): CodeIgniter\Database\Database->loadForge(Object(CodeIgniter\Database\MySQLi\Connection))
#2 /Applications/MAMP/htdocs/baru/app/Config/Routes.php(36): CodeIgniter\Database\Config::forge()
#3 /Applications/MAMP/htdocs/baru/vendor/codeigniter4/framework/system/CodeIgniter.php(758): CodeIgniter\CodeIgniter->Config\{closure}()
#4 /Applications/MAMP/htdocs/baru/vendor/codeigniter4/framework/system/CodeIgniter.php(386): CodeIgniter\CodeIgniter->startController()
#5 /Applications/MAMP/htdocs/baru/vendor/codeigniter4/framework/system/CodeIgniter.php(317): CodeIgniter\CodeIgniter->handleRequest(NULL, Object(Config\Cache), false)
#6 /Applications/MAMP/htdocs/baru/public/index.php(37): CodeIgniter\CodeIgniter->run()
#7 /Applications/MAMP/htdocs/baru/vendor/codeigniter4/framework/system/Commands/Server/rewrite.php(43): require_once('/Applications/M...')
#8 {main}
